0 info it worked if it ends with ok
1 verbose cli [ '/Users/knaito/.nodebrew/node/v4.4.2/bin/node',
1 verbose cli   '/Users/knaito/.nodebrew/current/bin/npm',
1 verbose cli   'install',
1 verbose cli   'gzbz2' ]
2 info using npm@2.15.0
3 info using node@v4.4.2
4 verbose install initial load of /Users/knaito/Documents/work/javascript/ReadMnistData/package.json
5 warn package.json read-mninst-data@1.0.0 No description
6 verbose readDependencies loading dependencies from /Users/knaito/Documents/work/javascript/ReadMnistData/package.json
7 silly cache add args [ 'gzbz2', null ]
8 verbose cache add spec gzbz2
9 silly cache add parsed spec Result {
9 silly cache add   raw: 'gzbz2',
9 silly cache add   scope: null,
9 silly cache add   name: 'gzbz2',
9 silly cache add   rawSpec: '',
9 silly cache add   spec: 'latest',
9 silly cache add   type: 'tag' }
10 silly addNamed gzbz2@latest
11 verbose addNamed "latest" is being treated as a dist-tag for gzbz2
12 info addNameTag [ 'gzbz2', 'latest' ]
13 silly mapToRegistry name gzbz2
14 silly mapToRegistry using default registry
15 silly mapToRegistry registry https://registry.npmjs.org/
16 silly mapToRegistry data Result {
16 silly mapToRegistry   raw: 'gzbz2',
16 silly mapToRegistry   scope: null,
16 silly mapToRegistry   name: 'gzbz2',
16 silly mapToRegistry   rawSpec: '',
16 silly mapToRegistry   spec: 'latest',
16 silly mapToRegistry   type: 'tag' }
17 silly mapToRegistry uri https://registry.npmjs.org/gzbz2
18 verbose addNameTag registry:https://registry.npmjs.org/gzbz2 not in flight; fetching
19 verbose request uri https://registry.npmjs.org/gzbz2
20 verbose request no auth needed
21 info attempt registry request try #1 at 18:37:35
22 verbose request id a150f07e6f9ad6e4
23 http request GET https://registry.npmjs.org/gzbz2
24 http 200 https://registry.npmjs.org/gzbz2
25 verbose headers { server: 'CouchDB/1.5.0 (Erlang OTP/R16B03)',
25 verbose headers   etag: '"EI9TP8SNB93BNPEVB9CSECI9X"',
25 verbose headers   'content-type': 'application/json',
25 verbose headers   'content-encoding': 'gzip',
25 verbose headers   'cache-control': 'max-age=300',
25 verbose headers   'content-length': '3504',
25 verbose headers   'accept-ranges': 'bytes',
25 verbose headers   date: 'Fri, 16 Sep 2016 09:37:36 GMT',
25 verbose headers   via: '1.1 varnish',
25 verbose headers   age: '0',
25 verbose headers   connection: 'keep-alive',
25 verbose headers   'x-served-by': 'cache-hkg6820-HKG',
25 verbose headers   'x-cache': 'MISS',
25 verbose headers   'x-cache-hits': '0',
25 verbose headers   'x-timer': 'S1474018656.159425,VS0,VE235',
25 verbose headers   vary: 'Accept-Encoding' }
26 silly get cb [ 200,
26 silly get   { server: 'CouchDB/1.5.0 (Erlang OTP/R16B03)',
26 silly get     etag: '"EI9TP8SNB93BNPEVB9CSECI9X"',
26 silly get     'content-type': 'application/json',
26 silly get     'content-encoding': 'gzip',
26 silly get     'cache-control': 'max-age=300',
26 silly get     'content-length': '3504',
26 silly get     'accept-ranges': 'bytes',
26 silly get     date: 'Fri, 16 Sep 2016 09:37:36 GMT',
26 silly get     via: '1.1 varnish',
26 silly get     age: '0',
26 silly get     connection: 'keep-alive',
26 silly get     'x-served-by': 'cache-hkg6820-HKG',
26 silly get     'x-cache': 'MISS',
26 silly get     'x-cache-hits': '0',
26 silly get     'x-timer': 'S1474018656.159425,VS0,VE235',
26 silly get     vary: 'Accept-Encoding' } ]
27 verbose get saving gzbz2 to /Users/knaito/.npm/registry.npmjs.org/gzbz2/.cache.json
28 verbose correctMkdir /Users/knaito/.npm correctMkdir not in flight; initializing
29 silly addNameTag next cb for gzbz2 with tag latest
30 silly addNamed gzbz2@0.2.0
31 verbose addNamed "0.2.0" is a plain semver version for gzbz2
32 silly mapToRegistry name gzbz2
33 silly mapToRegistry using default registry
34 silly mapToRegistry registry https://registry.npmjs.org/
35 silly mapToRegistry data Result {
35 silly mapToRegistry   raw: 'gzbz2',
35 silly mapToRegistry   scope: null,
35 silly mapToRegistry   name: 'gzbz2',
35 silly mapToRegistry   rawSpec: '',
35 silly mapToRegistry   spec: 'latest',
35 silly mapToRegistry   type: 'tag' }
36 silly mapToRegistry uri https://registry.npmjs.org/gzbz2
37 verbose addRemoteTarball https://registry.npmjs.org/gzbz2/-/gzbz2-0.2.0.tgz not in flight; adding
38 verbose addRemoteTarball [ 'https://registry.npmjs.org/gzbz2/-/gzbz2-0.2.0.tgz',
38 verbose addRemoteTarball   'd5464ee291c7360dde408794ae26efb8a7c45313' ]
39 info retry fetch attempt 1 at 18:37:36
40 info attempt registry request try #1 at 18:37:36
41 http fetch GET https://registry.npmjs.org/gzbz2/-/gzbz2-0.2.0.tgz
42 http fetch 200 https://registry.npmjs.org/gzbz2/-/gzbz2-0.2.0.tgz
43 silly fetchAndShaCheck shasum d5464ee291c7360dde408794ae26efb8a7c45313
44 verbose addTmpTarball /var/folders/sh/y59bhmdd5dn7krzg4_gvqg9r0000gp/T/npm-44399-d4632a58/registry.npmjs.org/gzbz2/-/gzbz2-0.2.0.tgz not in flight; adding
45 verbose addTmpTarball already have metadata; skipping unpack for gzbz2@0.2.0
46 verbose correctMkdir /Users/knaito/.npm correctMkdir not in flight; initializing
47 silly cache afterAdd gzbz2@0.2.0
48 verbose afterAdd /Users/knaito/.npm/gzbz2/0.2.0/package/package.json not in flight; writing
49 verbose correctMkdir /Users/knaito/.npm correctMkdir not in flight; initializing
50 verbose afterAdd /Users/knaito/.npm/gzbz2/0.2.0/package/package.json written
51 silly install resolved [ { name: 'gzbz2',
51 silly install resolved     description: 'streaming gzip/gunzip bzip/bunzip (2) for node, requires libz/libbz2 (built on wave.to/node-compress)',
51 silly install resolved     homepage: 'http://github.com/woodya/node-gzbz2',
51 silly install resolved     bugs: { url: 'http://github.com/woodya/node-gzbz2/issues' },
51 silly install resolved     version: '0.2.0',
51 silly install resolved     author: { name: 'Woody Anderson', email: 'woody.anderson@gmail.com' },
51 silly install resolved     contributors: [ [Object] ],
51 silly install resolved     repository: { type: 'git', url: 'git://github.com/woodya/node-gzbz2.git' },
51 silly install resolved     main: 'build/Release/gzbz2.node',
51 silly install resolved     'directories.lib': 'build/Release/',
51 silly install resolved     scripts:
51 silly install resolved      { build: 'node-gyp configure build',
51 silly install resolved        test: 'node test.js',
51 silly install resolved        doc: 'node-waf doc',
51 silly install resolved        preinstall: 'node-gyp clean || true; node-gyp configure build' },
51 silly install resolved     dependencies: {},
51 silly install resolved     devDependencies: {},
51 silly install resolved     engines: { node: '>=0.4.0' },
51 silly install resolved     gitHead: '3d58a64db9b6f299a35737f70e0d5fd675bd839b',
51 silly install resolved     _id: 'gzbz2@0.2.0',
51 silly install resolved     _shasum: 'd5464ee291c7360dde408794ae26efb8a7c45313',
51 silly install resolved     _from: 'gzbz2@latest',
51 silly install resolved     _npmVersion: '1.4.14',
51 silly install resolved     _npmUser: { name: 'woodya', email: 'woody.anderson@gmail.com' },
51 silly install resolved     maintainers: [ [Object] ],
51 silly install resolved     dist:
51 silly install resolved      { shasum: 'd5464ee291c7360dde408794ae26efb8a7c45313',
51 silly install resolved        tarball: 'https://registry.npmjs.org/gzbz2/-/gzbz2-0.2.0.tgz' },
51 silly install resolved     directories: {},
51 silly install resolved     _resolved: 'https://registry.npmjs.org/gzbz2/-/gzbz2-0.2.0.tgz' } ]
52 info install gzbz2@0.2.0 into /Users/knaito/Documents/work/javascript/ReadMnistData
53 info installOne gzbz2@0.2.0
54 verbose installOne of gzbz2 to /Users/knaito/Documents/work/javascript/ReadMnistData not in flight; installing
55 verbose correctMkdir /Users/knaito/.npm/_locks correctMkdir not in flight; initializing
56 verbose lock using /Users/knaito/.npm/_locks/gzbz2-c784aaf179a6f20b.lock for /Users/knaito/Documents/work/javascript/ReadMnistData/node_modules/gzbz2
57 silly install write writing gzbz2 0.2.0 to /Users/knaito/Documents/work/javascript/ReadMnistData/node_modules/gzbz2
58 verbose unbuild node_modules/gzbz2
59 silly gentlyRm /Users/knaito/Documents/work/javascript/ReadMnistData/node_modules/gzbz2 is being purged from base /Users/knaito/Documents/work/javascript/ReadMnistData
60 verbose gentlyRm don't care about contents; nuking /Users/knaito/Documents/work/javascript/ReadMnistData/node_modules/gzbz2
61 verbose tar unpack /Users/knaito/.npm/gzbz2/0.2.0/package.tgz
62 verbose tar unpacking to /Users/knaito/Documents/work/javascript/ReadMnistData/node_modules/gzbz2
63 silly gentlyRm /Users/knaito/Documents/work/javascript/ReadMnistData/node_modules/gzbz2 is being purged
64 verbose gentlyRm don't care about contents; nuking /Users/knaito/Documents/work/javascript/ReadMnistData/node_modules/gzbz2
65 silly gunzTarPerm modes [ '755', '644' ]
66 silly gunzTarPerm extractEntry package.json
67 silly gunzTarPerm modified mode [ 'package.json', 384, 420 ]
68 silly gunzTarPerm extractEntry .npmignore
69 silly gunzTarPerm modified mode [ '.npmignore', 384, 420 ]
70 silly gunzTarPerm extractEntry README.md
71 silly gunzTarPerm modified mode [ 'README.md', 384, 420 ]
72 silly gunzTarPerm extractEntry LICENSE
73 silly gunzTarPerm modified mode [ 'LICENSE', 384, 420 ]
74 silly gunzTarPerm extractEntry test.js
75 silly gunzTarPerm modified mode [ 'test.js', 384, 420 ]
76 silly gunzTarPerm extractEntry gunzipstream.js
77 silly gunzTarPerm modified mode [ 'gunzipstream.js', 384, 420 ]
78 silly gunzTarPerm extractEntry bunzipstream.js
79 silly gunzTarPerm modified mode [ 'bunzipstream.js', 384, 420 ]
80 silly gunzTarPerm extractEntry compress.cc
81 silly gunzTarPerm modified mode [ 'compress.cc', 384, 420 ]
82 silly gunzTarPerm extractEntry buffer_compat.h
83 silly gunzTarPerm modified mode [ 'buffer_compat.h', 384, 420 ]
84 silly gunzTarPerm extractEntry binding.gyp
85 silly gunzTarPerm modified mode [ 'binding.gyp', 384, 420 ]
86 silly gunzTarPerm extractEntry test.js.gz
87 silly gunzTarPerm modified mode [ 'test.js.gz', 384, 420 ]
88 silly gunzTarPerm extractEntry wscript
89 silly gunzTarPerm modified mode [ 'wscript', 384, 420 ]
90 verbose write writing to /Users/knaito/Documents/work/javascript/ReadMnistData/node_modules/gzbz2/package.json
91 info preinstall gzbz2@0.2.0
92 verbose unsafe-perm in lifecycle true
93 info gzbz2@0.2.0 Failed to exec preinstall script
94 verbose unlock done using /Users/knaito/.npm/_locks/gzbz2-c784aaf179a6f20b.lock for /Users/knaito/Documents/work/javascript/ReadMnistData/node_modules/gzbz2
95 verbose stack Error: gzbz2@0.2.0 preinstall: `node-gyp clean || true; node-gyp configure build`
95 verbose stack Exit status 1
95 verbose stack     at EventEmitter.<anonymous> (/Users/knaito/.nodebrew/node/v4.4.2/lib/node_modules/npm/lib/utils/lifecycle.js:217:16)
95 verbose stack     at emitTwo (events.js:87:13)
95 verbose stack     at EventEmitter.emit (events.js:172:7)
95 verbose stack     at ChildProcess.<anonymous> (/Users/knaito/.nodebrew/node/v4.4.2/lib/node_modules/npm/lib/utils/spawn.js:24:14)
95 verbose stack     at emitTwo (events.js:87:13)
95 verbose stack     at ChildProcess.emit (events.js:172:7)
95 verbose stack     at maybeClose (internal/child_process.js:827:16)
95 verbose stack     at Process.ChildProcess._handle.onexit (internal/child_process.js:211:5)
96 verbose pkgid gzbz2@0.2.0
97 verbose cwd /Users/knaito/Documents/work/javascript/ReadMnistData
98 error Darwin 15.6.0
99 error argv "/Users/knaito/.nodebrew/node/v4.4.2/bin/node" "/Users/knaito/.nodebrew/current/bin/npm" "install" "gzbz2"
100 error node v4.4.2
101 error npm  v2.15.0
102 error code ELIFECYCLE
103 error gzbz2@0.2.0 preinstall: `node-gyp clean || true; node-gyp configure build`
103 error Exit status 1
104 error Failed at the gzbz2@0.2.0 preinstall script 'node-gyp clean || true; node-gyp configure build'.
104 error This is most likely a problem with the gzbz2 package,
104 error not with npm itself.
104 error Tell the author that this fails on your system:
104 error     node-gyp clean || true; node-gyp configure build
104 error You can get information on how to open an issue for this project with:
104 error     npm bugs gzbz2
104 error Or if that isn't available, you can get their info via:
104 error
104 error     npm owner ls gzbz2
104 error There is likely additional logging output above.
105 verbose exit [ 1, true ]
106 verbose unbuild node_modules/gzbz2
107 info preuninstall gzbz2@0.2.0
108 info uninstall gzbz2@0.2.0
109 verbose unbuild rmStuff gzbz2@0.2.0 from /Users/knaito/Documents/work/javascript/ReadMnistData/node_modules
110 info postuninstall gzbz2@0.2.0
111 silly gentlyRm /Users/knaito/Documents/work/javascript/ReadMnistData/node_modules/gzbz2 is being purged from base /Users/knaito/Documents/work/javascript/ReadMnistData
112 verbose gentlyRm don't care about contents; nuking /Users/knaito/Documents/work/javascript/ReadMnistData/node_modules/gzbz2
113 silly vacuum-fs purging /Users/knaito/Documents/work/javascript/ReadMnistData/node_modules/gzbz2
114 silly vacuum-fs removing /Users/knaito/Documents/work/javascript/ReadMnistData/node_modules
115 silly vacuum-fs finished vacuuming up to /Users/knaito/Documents/work/javascript/ReadMnistData
